Classic Timing Analyzer report for sfr04
Mon Apr 12 20:38:26 2021
Quartus II Version 9.1 Build 350 03/24/2010 Service Pack 2 SJ Web Edition


---------------------
; Table of Contents ;
---------------------
  1. Legal Notice
  2. Timing Analyzer Summary
  3. Timing Analyzer Settings
  4. Clock Settings Summary
  5. Parallel Compilation
  6. Clock Setup: 'clk'
  7. tsu
  8. tco
  9. th
 10. Timing Analyzer Messages



----------------
; Legal Notice ;
----------------
Copyright (C) 1991-2010 Altera Corporation
Your use of Altera Corporation's design tools, logic functions 
and other software and tools, and its AMPP partner logic 
functions, and any output files from any of the foregoing 
(including device programming or simulation files), and any 
associated documentation or information are expressly subject 
to the terms and conditions of the Altera Program License 
Subscription Agreement, Altera MegaCore Function License 
Agreement, or other applicable license agreement, including, 
without limitation, that your use is for the sole purpose of 
programming logic devices manufactured by Altera and sold by 
Altera or its authorized distributors.  Please refer to the 
applicable agreement for further details.



+----------------------------------------------------------------------------------------------------------------------------------------------------------+
; Timing Analyzer Summary                                                                                                                                  ;
+------------------------------+-------+---------------+----------------------------------+------------+------------+------------+----------+--------------+
; Type                         ; Slack ; Required Time ; Actual Time                      ; From       ; To         ; From Clock ; To Clock ; Failed Paths ;
+------------------------------+-------+---------------+----------------------------------+------------+------------+------------+----------+--------------+
; Worst-case tsu               ; N/A   ; None          ; 5.173 ns                         ; EchoPulse  ; D[15]~reg0 ; --         ; clk      ; 0            ;
; Worst-case tco               ; N/A   ; None          ; 11.949 ns                        ; D[10]~reg0 ; D[10]      ; clk        ; --       ; 0            ;
; Worst-case th                ; N/A   ; None          ; -1.231 ns                        ; EchoPulse  ; temp[0]    ; --         ; clk      ; 0            ;
; Clock Setup: 'clk'           ; N/A   ; None          ; 91.47 MHz ( period = 10.933 ns ) ; T[5]~reg0  ; D[15]~reg0 ; clk        ; clk      ; 0            ;
; Total number of failed paths ;       ;               ;                                  ;            ;            ;            ;          ; 0            ;
+------------------------------+-------+---------------+----------------------------------+------------+------------+------------+----------+--------------+


+-----------------------------------------------------------------------------------------------------------------------------------------------------+
; Timing Analyzer Settings                                                                                                                            ;
+------------------------------------------------------------------------------------------------------+--------------------+------+----+-------------+
; Option                                                                                               ; Setting            ; From ; To ; Entity Name ;
+------------------------------------------------------------------------------------------------------+--------------------+------+----+-------------+
; Device Name                                                                                          ; EPM2210F324I5      ;      ;    ;             ;
; Timing Models                                                                                        ; Final              ;      ;    ;             ;
; Default hold multicycle                                                                              ; Same as Multicycle ;      ;    ;             ;
; Cut paths between unrelated clock domains                                                            ; On                 ;      ;    ;             ;
; Cut off read during write signal paths                                                               ; On                 ;      ;    ;             ;
; Cut off feedback from I/O pins                                                                       ; On                 ;      ;    ;             ;
; Report Combined Fast/Slow Timing                                                                     ; Off                ;      ;    ;             ;
; Ignore Clock Settings                                                                                ; Off                ;      ;    ;             ;
; Analyze latches as synchronous elements                                                              ; On                 ;      ;    ;             ;
; Enable Recovery/Removal analysis                                                                     ; Off                ;      ;    ;             ;
; Enable Clock Latency                                                                                 ; Off                ;      ;    ;             ;
; Use TimeQuest Timing Analyzer                                                                        ; Off                ;      ;    ;             ;
; Minimum Core Junction Temperature                                                                    ; -40                ;      ;    ;             ;
; Maximum Core Junction Temperature                                                                    ; 100                ;      ;    ;             ;
; Number of source nodes to report per destination node                                                ; 10                 ;      ;    ;             ;
; Number of destination nodes to report                                                                ; 10                 ;      ;    ;             ;
; Number of paths to report                                                                            ; 200                ;      ;    ;             ;
; Report Minimum Timing Checks                                                                         ; Off                ;      ;    ;             ;
; Use Fast Timing Models                                                                               ; Off                ;      ;    ;             ;
; Report IO Paths Separately                                                                           ; Off                ;      ;    ;             ;
; Perform Multicorner Analysis                                                                         ; Off                ;      ;    ;             ;
; Reports the worst-case path for each clock domain and analysis                                       ; Off                ;      ;    ;             ;
; Reports worst-case timing paths for each clock domain and analysis                                   ; On                 ;      ;    ;             ;
; Specifies the maximum number of worst-case timing paths to report for each clock domain and analysis ; 100                ;      ;    ;             ;
; Removes common clock path pessimism (CCPP) during slack computation                                  ; Off                ;      ;    ;             ;
; Output I/O Timing Endpoint                                                                           ; Near End           ;      ;    ;             ;
+------------------------------------------------------------------------------------------------------+--------------------+------+----+-------------+


+------------------------------------------------------------------------------------------------------------------------------------------------------------------------------------+
; Clock Settings Summary                                                                                                                                                             ;
+-----------------+--------------------+----------+------------------+---------------+--------------+----------+-----------------------+---------------------+--------+--------------+
; Clock Node Name ; Clock Setting Name ; Type     ; Fmax Requirement ; Early Latency ; Late Latency ; Based on ; Multiply Base Fmax by ; Divide Base Fmax by ; Offset ; Phase offset ;
+-----------------+--------------------+----------+------------------+---------------+--------------+----------+-----------------------+---------------------+--------+--------------+
; clk             ;                    ; User Pin ; None             ; 0.000 ns      ; 0.000 ns     ; --       ; N/A                   ; N/A                 ; N/A    ;              ;
+-----------------+--------------------+----------+------------------+---------------+--------------+----------+-----------------------+---------------------+--------+--------------+


Parallel compilation was disabled, but you have multiple processors available. Enable parallel compilation to reduce compilation time.
+-------------------------------------+
; Parallel Compilation                ;
+----------------------------+--------+
; Processors                 ; Number ;
+----------------------------+--------+
; Number detected on machine ; 4      ;
; Maximum allowed            ; 1      ;
+----------------------------+--------+


+----------------------------------------------------------------------------------------------------------------------------------------------------------------------------------------------------------------------------------------+
; Clock Setup: 'clk'                                                                                                                                                                                                                     ;
+-----------------------------------------+-----------------------------------------------------+---------------+------------+------------+----------+-----------------------------+---------------------------+-------------------------+
; Slack                                   ; Actual fmax (period)                                ; From          ; To         ; From Clock ; To Clock ; Required Setup Relationship ; Required Longest P2P Time ; Actual Longest P2P Time ;
+-----------------------------------------+-----------------------------------------------------+---------------+------------+------------+----------+-----------------------------+---------------------------+-------------------------+
; N/A                                     ; 91.47 MHz ( period = 10.933 ns )                    ; T[5]~reg0     ; D[12]~reg0 ; clk        ; clk      ; None                        ; None                      ; 10.224 ns               ;
; N/A                                     ; 91.47 MHz ( period = 10.933 ns )                    ; T[5]~reg0     ; D[13]~reg0 ; clk        ; clk      ; None                        ; None                      ; 10.224 ns               ;
; N/A                                     ; 91.47 MHz ( period = 10.933 ns )                    ; T[5]~reg0     ; D[15]~reg0 ; clk        ; clk      ; None                        ; None                      ; 10.224 ns               ;
; N/A                                     ; 93.91 MHz ( period = 10.648 ns )                    ; T[6]~reg0     ; D[12]~reg0 ; clk        ; clk      ; None                        ; None                      ; 9.939 ns                ;
; N/A                                     ; 93.91 MHz ( period = 10.648 ns )                    ; T[6]~reg0     ; D[13]~reg0 ; clk        ; clk      ; None                        ; None                      ; 9.939 ns                ;
; N/A                                     ; 93.91 MHz ( period = 10.648 ns )                    ; T[6]~reg0     ; D[15]~reg0 ; clk        ; clk      ; None                        ; None                      ; 9.939 ns                ;
; N/A                                     ; 96.20 MHz ( period = 10.395 ns )                    ; T[4]~reg0     ; D[12]~reg0 ; clk        ; clk      ; None                        ; None                      ; 9.686 ns                ;
; N/A                                     ; 96.20 MHz ( period = 10.395 ns )                    ; T[4]~reg0     ; D[13]~reg0 ; clk        ; clk      ; None                        ; None                      ; 9.686 ns                ;
; N/A                                     ; 96.20 MHz ( period = 10.395 ns )                    ; T[4]~reg0     ; D[15]~reg0 ; clk        ; clk      ; None                        ; None                      ; 9.686 ns                ;
; N/A                                     ; 96.62 MHz ( period = 10.350 ns )                    ; T[3]~reg0     ; D[12]~reg0 ; clk        ; clk      ; None                        ; None                      ; 9.641 ns                ;
; N/A                                     ; 96.62 MHz ( period = 10.350 ns )                    ; T[3]~reg0     ; D[13]~reg0 ; clk        ; clk      ; None                        ; None                      ; 9.641 ns                ;
; N/A                                     ; 96.62 MHz ( period = 10.350 ns )                    ; T[3]~reg0     ; D[15]~reg0 ; clk        ; clk      ; None                        ; None                      ; 9.641 ns                ;
; N/A                                     ; 97.41 MHz ( period = 10.266 ns )                    ; T[7]~reg0     ; D[12]~reg0 ; clk        ; clk      ; None                        ; None                      ; 9.557 ns                ;
; N/A                                     ; 97.41 MHz ( period = 10.266 ns )                    ; T[7]~reg0     ; D[13]~reg0 ; clk        ; clk      ; None                        ; None                      ; 9.557 ns                ;
; N/A                                     ; 97.41 MHz ( period = 10.266 ns )                    ; T[7]~reg0     ; D[15]~reg0 ; clk        ; clk      ; None                        ; None                      ; 9.557 ns                ;
; N/A                                     ; 100.09 MHz ( period = 9.991 ns )                    ; T[2]~reg0     ; D[12]~reg0 ; clk        ; clk      ; None                        ; None                      ; 9.282 ns                ;
; N/A                                     ; 100.09 MHz ( period = 9.991 ns )                    ; T[2]~reg0     ; D[13]~reg0 ; clk        ; clk      ; None                        ; None                      ; 9.282 ns                ;
; N/A                                     ; 100.09 MHz ( period = 9.991 ns )                    ; T[2]~reg0     ; D[15]~reg0 ; clk        ; clk      ; None                        ; None                      ; 9.282 ns                ;
; N/A                                     ; 100.12 MHz ( period = 9.988 ns )                    ; T[5]~reg0     ; D[0]~reg0  ; clk        ; clk      ; None                        ; None                      ; 9.279 ns                ;
; N/A                                     ; 100.12 MHz ( period = 9.988 ns )                    ; T[5]~reg0     ; D[1]~reg0  ; clk        ; clk      ; None                        ; None                      ; 9.279 ns                ;
; N/A                                     ; 100.12 MHz ( period = 9.988 ns )                    ; T[5]~reg0     ; D[3]~reg0  ; clk        ; clk      ; None                        ; None                      ; 9.279 ns                ;
; N/A                                     ; 100.12 MHz ( period = 9.988 ns )                    ; T[5]~reg0     ; D[4]~reg0  ; clk        ; clk      ; None                        ; None                      ; 9.279 ns                ;
; N/A                                     ; 100.12 MHz ( period = 9.988 ns )                    ; T[5]~reg0     ; D[5]~reg0  ; clk        ; clk      ; None                        ; None                      ; 9.279 ns                ;
; N/A                                     ; 100.12 MHz ( period = 9.988 ns )                    ; T[5]~reg0     ; D[6]~reg0  ; clk        ; clk      ; None                        ; None                      ; 9.279 ns                ;
; N/A                                     ; 100.12 MHz ( period = 9.988 ns )                    ; T[5]~reg0     ; D[7]~reg0  ; clk        ; clk      ; None                        ; None                      ; 9.279 ns                ;
; N/A                                     ; 100.12 MHz ( period = 9.988 ns )                    ; T[5]~reg0     ; D[8]~reg0  ; clk        ; clk      ; None                        ; None                      ; 9.279 ns                ;
; N/A                                     ; 100.12 MHz ( period = 9.988 ns )                    ; T[5]~reg0     ; D[9]~reg0  ; clk        ; clk      ; None                        ; None                      ; 9.279 ns                ;
; N/A                                     ; 100.12 MHz ( period = 9.988 ns )                    ; T[5]~reg0     ; D[10]~reg0 ; clk        ; clk      ; None                        ; None                      ; 9.279 ns                ;
; N/A                                     ; 101.09 MHz ( period = 9.892 ns )                    ; count[3]~reg0 ; D[12]~reg0 ; clk        ; clk      ; None                        ; None                      ; 9.183 ns                ;
; N/A                                     ; 101.09 MHz ( period = 9.892 ns )                    ; count[3]~reg0 ; D[13]~reg0 ; clk        ; clk      ; None                        ; None                      ; 9.183 ns                ;
; N/A                                     ; 101.09 MHz ( period = 9.892 ns )                    ; count[3]~reg0 ; D[15]~reg0 ; clk        ; clk      ; None                        ; None                      ; 9.183 ns                ;
; N/A                                     ; 101.53 MHz ( period = 9.849 ns )                    ; count[2]~reg0 ; D[12]~reg0 ; clk        ; clk      ; None                        ; None                      ; 9.140 ns                ;
; N/A                                     ; 101.53 MHz ( period = 9.849 ns )                    ; count[2]~reg0 ; D[13]~reg0 ; clk        ; clk      ; None                        ; None                      ; 9.140 ns                ;
; N/A                                     ; 101.53 MHz ( period = 9.849 ns )                    ; count[2]~reg0 ; D[15]~reg0 ; clk        ; clk      ; None                        ; None                      ; 9.140 ns                ;
; N/A                                     ; 101.76 MHz ( period = 9.827 ns )                    ; T[1]~reg0     ; D[12]~reg0 ; clk        ; clk      ; None                        ; None                      ; 9.118 ns                ;
; N/A                                     ; 101.76 MHz ( period = 9.827 ns )                    ; T[1]~reg0     ; D[13]~reg0 ; clk        ; clk      ; None                        ; None                      ; 9.118 ns                ;
; N/A                                     ; 101.76 MHz ( period = 9.827 ns )                    ; T[1]~reg0     ; D[15]~reg0 ; clk        ; clk      ; None                        ; None                      ; 9.118 ns                ;
; N/A                                     ; 103.06 MHz ( period = 9.703 ns )                    ; T[6]~reg0     ; D[0]~reg0  ; clk        ; clk      ; None                        ; None                      ; 8.994 ns                ;
; N/A                                     ; 103.06 MHz ( period = 9.703 ns )                    ; T[6]~reg0     ; D[1]~reg0  ; clk        ; clk      ; None                        ; None                      ; 8.994 ns                ;
; N/A                                     ; 103.06 MHz ( period = 9.703 ns )                    ; T[6]~reg0     ; D[3]~reg0  ; clk        ; clk      ; None                        ; None                      ; 8.994 ns                ;
; N/A                                     ; 103.06 MHz ( period = 9.703 ns )                    ; T[6]~reg0     ; D[4]~reg0  ; clk        ; clk      ; None                        ; None                      ; 8.994 ns                ;
; N/A                                     ; 103.06 MHz ( period = 9.703 ns )                    ; T[6]~reg0     ; D[5]~reg0  ; clk        ; clk      ; None                        ; None                      ; 8.994 ns                ;
; N/A                                     ; 103.06 MHz ( period = 9.703 ns )                    ; T[6]~reg0     ; D[6]~reg0  ; clk        ; clk      ; None                        ; None                      ; 8.994 ns                ;
; N/A                                     ; 103.06 MHz ( period = 9.703 ns )                    ; T[6]~reg0     ; D[7]~reg0  ; clk        ; clk      ; None                        ; None                      ; 8.994 ns                ;
; N/A                                     ; 103.06 MHz ( period = 9.703 ns )                    ; T[6]~reg0     ; D[8]~reg0  ; clk        ; clk      ; None                        ; None                      ; 8.994 ns                ;
; N/A                                     ; 103.06 MHz ( period = 9.703 ns )                    ; T[6]~reg0     ; D[9]~reg0  ; clk        ; clk      ; None                        ; None                      ; 8.994 ns                ;
; N/A                                     ; 103.06 MHz ( period = 9.703 ns )                    ; T[6]~reg0     ; D[10]~reg0 ; clk        ; clk      ; None                        ; None                      ; 8.994 ns                ;
; N/A                                     ; 103.39 MHz ( period = 9.672 ns )                    ; count[1]~reg0 ; D[12]~reg0 ; clk        ; clk      ; None                        ; None                      ; 8.963 ns                ;
; N/A                                     ; 103.39 MHz ( period = 9.672 ns )                    ; count[1]~reg0 ; D[13]~reg0 ; clk        ; clk      ; None                        ; None                      ; 8.963 ns                ;
; N/A                                     ; 103.39 MHz ( period = 9.672 ns )                    ; count[1]~reg0 ; D[15]~reg0 ; clk        ; clk      ; None                        ; None                      ; 8.963 ns                ;
; N/A                                     ; 103.67 MHz ( period = 9.646 ns )                    ; T[0]~reg0     ; D[12]~reg0 ; clk        ; clk      ; None                        ; None                      ; 8.937 ns                ;
; N/A                                     ; 103.67 MHz ( period = 9.646 ns )                    ; T[0]~reg0     ; D[13]~reg0 ; clk        ; clk      ; None                        ; None                      ; 8.937 ns                ;
; N/A                                     ; 103.67 MHz ( period = 9.646 ns )                    ; T[0]~reg0     ; D[15]~reg0 ; clk        ; clk      ; None                        ; None                      ; 8.937 ns                ;
; N/A                                     ; 105.02 MHz ( period = 9.522 ns )                    ; T[9]~reg0     ; D[12]~reg0 ; clk        ; clk      ; None                        ; None                      ; 8.813 ns                ;
; N/A                                     ; 105.02 MHz ( period = 9.522 ns )                    ; T[9]~reg0     ; D[13]~reg0 ; clk        ; clk      ; None                        ; None                      ; 8.813 ns                ;
; N/A                                     ; 105.02 MHz ( period = 9.522 ns )                    ; T[9]~reg0     ; D[15]~reg0 ; clk        ; clk      ; None                        ; None                      ; 8.813 ns                ;
; N/A                                     ; 105.82 MHz ( period = 9.450 ns )                    ; T[4]~reg0     ; D[0]~reg0  ; clk        ; clk      ; None                        ; None                      ; 8.741 ns                ;
; N/A                                     ; 105.82 MHz ( period = 9.450 ns )                    ; T[4]~reg0     ; D[1]~reg0  ; clk        ; clk      ; None                        ; None                      ; 8.741 ns                ;
; N/A                                     ; 105.82 MHz ( period = 9.450 ns )                    ; T[4]~reg0     ; D[3]~reg0  ; clk        ; clk      ; None                        ; None                      ; 8.741 ns                ;
; N/A                                     ; 105.82 MHz ( period = 9.450 ns )                    ; T[4]~reg0     ; D[4]~reg0  ; clk        ; clk      ; None                        ; None                      ; 8.741 ns                ;
; N/A                                     ; 105.82 MHz ( period = 9.450 ns )                    ; T[4]~reg0     ; D[5]~reg0  ; clk        ; clk      ; None                        ; None                      ; 8.741 ns                ;
; N/A                                     ; 105.82 MHz ( period = 9.450 ns )                    ; T[4]~reg0     ; D[6]~reg0  ; clk        ; clk      ; None                        ; None                      ; 8.741 ns                ;
; N/A                                     ; 105.82 MHz ( period = 9.450 ns )                    ; T[4]~reg0     ; D[7]~reg0  ; clk        ; clk      ; None                        ; None                      ; 8.741 ns                ;
; N/A                                     ; 105.82 MHz ( period = 9.450 ns )                    ; T[4]~reg0     ; D[8]~reg0  ; clk        ; clk      ; None                        ; None                      ; 8.741 ns                ;
; N/A                                     ; 105.82 MHz ( period = 9.450 ns )                    ; T[4]~reg0     ; D[9]~reg0  ; clk        ; clk      ; None                        ; None                      ; 8.741 ns                ;
; N/A                                     ; 105.82 MHz ( period = 9.450 ns )                    ; T[4]~reg0     ; D[10]~reg0 ; clk        ; clk      ; None                        ; None                      ; 8.741 ns                ;
; N/A                                     ; 106.33 MHz ( period = 9.405 ns )                    ; T[3]~reg0     ; D[0]~reg0  ; clk        ; clk      ; None                        ; None                      ; 8.696 ns                ;
; N/A                                     ; 106.33 MHz ( period = 9.405 ns )                    ; T[3]~reg0     ; D[1]~reg0  ; clk        ; clk      ; None                        ; None                      ; 8.696 ns                ;
; N/A                                     ; 106.33 MHz ( period = 9.405 ns )                    ; T[3]~reg0     ; D[3]~reg0  ; clk        ; clk      ; None                        ; None                      ; 8.696 ns                ;
; N/A                                     ; 106.33 MHz ( period = 9.405 ns )                    ; T[3]~reg0     ; D[4]~reg0  ; clk        ; clk      ; None                        ; None                      ; 8.696 ns                ;
; N/A                                     ; 106.33 MHz ( period = 9.405 ns )                    ; T[3]~reg0     ; D[5]~reg0  ; clk        ; clk      ; None                        ; None                      ; 8.696 ns                ;
; N/A                                     ; 106.33 MHz ( period = 9.405 ns )                    ; T[3]~reg0     ; D[6]~reg0  ; clk        ; clk      ; None                        ; None                      ; 8.696 ns                ;
; N/A                                     ; 106.33 MHz ( period = 9.405 ns )                    ; T[3]~reg0     ; D[7]~reg0  ; clk        ; clk      ; None                        ; None                      ; 8.696 ns                ;
; N/A                                     ; 106.33 MHz ( period = 9.405 ns )                    ; T[3]~reg0     ; D[8]~reg0  ; clk        ; clk      ; None                        ; None                      ; 8.696 ns                ;
; N/A                                     ; 106.33 MHz ( period = 9.405 ns )                    ; T[3]~reg0     ; D[9]~reg0  ; clk        ; clk      ; None                        ; None                      ; 8.696 ns                ;
; N/A                                     ; 106.33 MHz ( period = 9.405 ns )                    ; T[3]~reg0     ; D[10]~reg0 ; clk        ; clk      ; None                        ; None                      ; 8.696 ns                ;
; N/A                                     ; 107.28 MHz ( period = 9.321 ns )                    ; T[7]~reg0     ; D[0]~reg0  ; clk        ; clk      ; None                        ; None                      ; 8.612 ns                ;
; N/A                                     ; 107.28 MHz ( period = 9.321 ns )                    ; T[7]~reg0     ; D[1]~reg0  ; clk        ; clk      ; None                        ; None                      ; 8.612 ns                ;
; N/A                                     ; 107.28 MHz ( period = 9.321 ns )                    ; T[7]~reg0     ; D[3]~reg0  ; clk        ; clk      ; None                        ; None                      ; 8.612 ns                ;
; N/A                                     ; 107.28 MHz ( period = 9.321 ns )                    ; T[7]~reg0     ; D[4]~reg0  ; clk        ; clk      ; None                        ; None                      ; 8.612 ns                ;
; N/A                                     ; 107.28 MHz ( period = 9.321 ns )                    ; T[7]~reg0     ; D[5]~reg0  ; clk        ; clk      ; None                        ; None                      ; 8.612 ns                ;
; N/A                                     ; 107.28 MHz ( period = 9.321 ns )                    ; T[7]~reg0     ; D[6]~reg0  ; clk        ; clk      ; None                        ; None                      ; 8.612 ns                ;
; N/A                                     ; 107.28 MHz ( period = 9.321 ns )                    ; T[7]~reg0     ; D[7]~reg0  ; clk        ; clk      ; None                        ; None                      ; 8.612 ns                ;
; N/A                                     ; 107.28 MHz ( period = 9.321 ns )                    ; T[7]~reg0     ; D[8]~reg0  ; clk        ; clk      ; None                        ; None                      ; 8.612 ns                ;
; N/A                                     ; 107.28 MHz ( period = 9.321 ns )                    ; T[7]~reg0     ; D[9]~reg0  ; clk        ; clk      ; None                        ; None                      ; 8.612 ns                ;
; N/A                                     ; 107.28 MHz ( period = 9.321 ns )                    ; T[7]~reg0     ; D[10]~reg0 ; clk        ; clk      ; None                        ; None                      ; 8.612 ns                ;
; N/A                                     ; 107.43 MHz ( period = 9.308 ns )                    ; T[5]~reg0     ; D[11]~reg0 ; clk        ; clk      ; None                        ; None                      ; 8.599 ns                ;
; N/A                                     ; 107.43 MHz ( period = 9.308 ns )                    ; T[5]~reg0     ; D[14]~reg0 ; clk        ; clk      ; None                        ; None                      ; 8.599 ns                ;
; N/A                                     ; 107.87 MHz ( period = 9.270 ns )                    ; T[8]~reg0     ; D[12]~reg0 ; clk        ; clk      ; None                        ; None                      ; 8.561 ns                ;
; N/A                                     ; 107.87 MHz ( period = 9.270 ns )                    ; T[8]~reg0     ; D[13]~reg0 ; clk        ; clk      ; None                        ; None                      ; 8.561 ns                ;
; N/A                                     ; 107.87 MHz ( period = 9.270 ns )                    ; T[8]~reg0     ; D[15]~reg0 ; clk        ; clk      ; None                        ; None                      ; 8.561 ns                ;
; N/A                                     ; 110.08 MHz ( period = 9.084 ns )                    ; count[0]~reg0 ; D[12]~reg0 ; clk        ; clk      ; None                        ; None                      ; 8.375 ns                ;
; N/A                                     ; 110.08 MHz ( period = 9.084 ns )                    ; count[0]~reg0 ; D[13]~reg0 ; clk        ; clk      ; None                        ; None                      ; 8.375 ns                ;
; N/A                                     ; 110.08 MHz ( period = 9.084 ns )                    ; count[0]~reg0 ; D[15]~reg0 ; clk        ; clk      ; None                        ; None                      ; 8.375 ns                ;
; N/A                                     ; 110.40 MHz ( period = 9.058 ns )                    ; T[3]~reg0     ; temp[0]    ; clk        ; clk      ; None                        ; None                      ; 8.349 ns                ;
; N/A                                     ; 110.40 MHz ( period = 9.058 ns )                    ; T[3]~reg0     ; temp[1]    ; clk        ; clk      ; None                        ; None                      ; 8.349 ns                ;
; N/A                                     ; 110.40 MHz ( period = 9.058 ns )                    ; T[3]~reg0     ; temp[2]    ; clk        ; clk      ; None                        ; None                      ; 8.349 ns                ;
; N/A                                     ; 110.40 MHz ( period = 9.058 ns )                    ; T[3]~reg0     ; temp[3]    ; clk        ; clk      ; None                        ; None                      ; 8.349 ns                ;
; N/A                                     ; 110.40 MHz ( period = 9.058 ns )                    ; T[3]~reg0     ; temp[4]    ; clk        ; clk      ; None                        ; None                      ; 8.349 ns                ;
; N/A                                     ; 110.40 MHz ( period = 9.058 ns )                    ; T[3]~reg0     ; temp[5]    ; clk        ; clk      ; None                        ; None                      ; 8.349 ns                ;
; N/A                                     ; 110.40 MHz ( period = 9.058 ns )                    ; T[3]~reg0     ; temp[6]    ; clk        ; clk      ; None                        ; None                      ; 8.349 ns                ;
; N/A                                     ; 110.40 MHz ( period = 9.058 ns )                    ; T[3]~reg0     ; temp[7]    ; clk        ; clk      ; None                        ; None                      ; 8.349 ns                ;
; N/A                                     ; 110.55 MHz ( period = 9.046 ns )                    ; T[2]~reg0     ; D[0]~reg0  ; clk        ; clk      ; None                        ; None                      ; 8.337 ns                ;
; N/A                                     ; 110.55 MHz ( period = 9.046 ns )                    ; T[2]~reg0     ; D[1]~reg0  ; clk        ; clk      ; None                        ; None                      ; 8.337 ns                ;
; N/A                                     ; 110.55 MHz ( period = 9.046 ns )                    ; T[2]~reg0     ; D[3]~reg0  ; clk        ; clk      ; None                        ; None                      ; 8.337 ns                ;
; N/A                                     ; 110.55 MHz ( period = 9.046 ns )                    ; T[2]~reg0     ; D[4]~reg0  ; clk        ; clk      ; None                        ; None                      ; 8.337 ns                ;
; N/A                                     ; 110.55 MHz ( period = 9.046 ns )                    ; T[2]~reg0     ; D[5]~reg0  ; clk        ; clk      ; None                        ; None                      ; 8.337 ns                ;
; N/A                                     ; 110.55 MHz ( period = 9.046 ns )                    ; T[2]~reg0     ; D[6]~reg0  ; clk        ; clk      ; None                        ; None                      ; 8.337 ns                ;
; N/A                                     ; 110.55 MHz ( period = 9.046 ns )                    ; T[2]~reg0     ; D[7]~reg0  ; clk        ; clk      ; None                        ; None                      ; 8.337 ns                ;
; N/A                                     ; 110.55 MHz ( period = 9.046 ns )                    ; T[2]~reg0     ; D[8]~reg0  ; clk        ; clk      ; None                        ; None                      ; 8.337 ns                ;
; N/A                                     ; 110.55 MHz ( period = 9.046 ns )                    ; T[2]~reg0     ; D[9]~reg0  ; clk        ; clk      ; None                        ; None                      ; 8.337 ns                ;
; N/A                                     ; 110.55 MHz ( period = 9.046 ns )                    ; T[2]~reg0     ; D[10]~reg0 ; clk        ; clk      ; None                        ; None                      ; 8.337 ns                ;
; N/A                                     ; 110.58 MHz ( period = 9.043 ns )                    ; T[3]~reg0     ; temp[8]    ; clk        ; clk      ; None                        ; None                      ; 8.334 ns                ;
; N/A                                     ; 110.58 MHz ( period = 9.043 ns )                    ; T[3]~reg0     ; temp[9]    ; clk        ; clk      ; None                        ; None                      ; 8.334 ns                ;
; N/A                                     ; 110.58 MHz ( period = 9.043 ns )                    ; T[3]~reg0     ; temp[10]   ; clk        ; clk      ; None                        ; None                      ; 8.334 ns                ;
; N/A                                     ; 110.58 MHz ( period = 9.043 ns )                    ; T[3]~reg0     ; temp[11]   ; clk        ; clk      ; None                        ; None                      ; 8.334 ns                ;
; N/A                                     ; 110.58 MHz ( period = 9.043 ns )                    ; T[3]~reg0     ; temp[12]   ; clk        ; clk      ; None                        ; None                      ; 8.334 ns                ;
; N/A                                     ; 110.58 MHz ( period = 9.043 ns )                    ; T[3]~reg0     ; temp[13]   ; clk        ; clk      ; None                        ; None                      ; 8.334 ns                ;
; N/A                                     ; 110.58 MHz ( period = 9.043 ns )                    ; T[3]~reg0     ; temp[14]   ; clk        ; clk      ; None                        ; None                      ; 8.334 ns                ;
; N/A                                     ; 110.58 MHz ( period = 9.043 ns )                    ; T[3]~reg0     ; temp[15]   ; clk        ; clk      ; None                        ; None                      ; 8.334 ns                ;
; N/A                                     ; 110.83 MHz ( period = 9.023 ns )                    ; T[6]~reg0     ; D[11]~reg0 ; clk        ; clk      ; None                        ; None                      ; 8.314 ns                ;
; N/A                                     ; 110.83 MHz ( period = 9.023 ns )                    ; T[6]~reg0     ; D[14]~reg0 ; clk        ; clk      ; None                        ; None                      ; 8.314 ns                ;
; N/A                                     ; 111.77 MHz ( period = 8.947 ns )                    ; count[3]~reg0 ; D[0]~reg0  ; clk        ; clk      ; None                        ; None                      ; 8.238 ns                ;
; N/A                                     ; 111.77 MHz ( period = 8.947 ns )                    ; count[3]~reg0 ; D[1]~reg0  ; clk        ; clk      ; None                        ; None                      ; 8.238 ns                ;
; N/A                                     ; 111.77 MHz ( period = 8.947 ns )                    ; count[3]~reg0 ; D[3]~reg0  ; clk        ; clk      ; None                        ; None                      ; 8.238 ns                ;
; N/A                                     ; 111.77 MHz ( period = 8.947 ns )                    ; count[3]~reg0 ; D[4]~reg0  ; clk        ; clk      ; None                        ; None                      ; 8.238 ns                ;
; N/A                                     ; 111.77 MHz ( period = 8.947 ns )                    ; count[3]~reg0 ; D[5]~reg0  ; clk        ; clk      ; None                        ; None                      ; 8.238 ns                ;
; N/A                                     ; 111.77 MHz ( period = 8.947 ns )                    ; count[3]~reg0 ; D[6]~reg0  ; clk        ; clk      ; None                        ; None                      ; 8.238 ns                ;
; N/A                                     ; 111.77 MHz ( period = 8.947 ns )                    ; count[3]~reg0 ; D[7]~reg0  ; clk        ; clk      ; None                        ; None                      ; 8.238 ns                ;
; N/A                                     ; 111.77 MHz ( period = 8.947 ns )                    ; count[3]~reg0 ; D[8]~reg0  ; clk        ; clk      ; None                        ; None                      ; 8.238 ns                ;
; N/A                                     ; 111.77 MHz ( period = 8.947 ns )                    ; count[3]~reg0 ; D[9]~reg0  ; clk        ; clk      ; None                        ; None                      ; 8.238 ns                ;
; N/A                                     ; 111.77 MHz ( period = 8.947 ns )                    ; count[3]~reg0 ; D[10]~reg0 ; clk        ; clk      ; None                        ; None                      ; 8.238 ns                ;
; N/A                                     ; 112.31 MHz ( period = 8.904 ns )                    ; count[2]~reg0 ; D[0]~reg0  ; clk        ; clk      ; None                        ; None                      ; 8.195 ns                ;
; N/A                                     ; 112.31 MHz ( period = 8.904 ns )                    ; count[2]~reg0 ; D[1]~reg0  ; clk        ; clk      ; None                        ; None                      ; 8.195 ns                ;
; N/A                                     ; 112.31 MHz ( period = 8.904 ns )                    ; count[2]~reg0 ; D[3]~reg0  ; clk        ; clk      ; None                        ; None                      ; 8.195 ns                ;
; N/A                                     ; 112.31 MHz ( period = 8.904 ns )                    ; count[2]~reg0 ; D[4]~reg0  ; clk        ; clk      ; None                        ; None                      ; 8.195 ns                ;
; N/A                                     ; 112.31 MHz ( period = 8.904 ns )                    ; count[2]~reg0 ; D[5]~reg0  ; clk        ; clk      ; None                        ; None                      ; 8.195 ns                ;
; N/A                                     ; 112.31 MHz ( period = 8.904 ns )                    ; count[2]~reg0 ; D[6]~reg0  ; clk        ; clk      ; None                        ; None                      ; 8.195 ns                ;
; N/A                                     ; 112.31 MHz ( period = 8.904 ns )                    ; count[2]~reg0 ; D[7]~reg0  ; clk        ; clk      ; None                        ; None                      ; 8.195 ns                ;
; N/A                                     ; 112.31 MHz ( period = 8.904 ns )                    ; count[2]~reg0 ; D[8]~reg0  ; clk        ; clk      ; None                        ; None                      ; 8.195 ns                ;
; N/A                                     ; 112.31 MHz ( period = 8.904 ns )                    ; count[2]~reg0 ; D[9]~reg0  ; clk        ; clk      ; None                        ; None                      ; 8.195 ns                ;
; N/A                                     ; 112.31 MHz ( period = 8.904 ns )                    ; count[2]~reg0 ; D[10]~reg0 ; clk        ; clk      ; None                        ; None                      ; 8.195 ns                ;
; N/A                                     ; 112.59 MHz ( period = 8.882 ns )                    ; T[1]~reg0     ; D[0]~reg0  ; clk        ; clk      ; None                        ; None                      ; 8.173 ns                ;
; N/A                                     ; 112.59 MHz ( period = 8.882 ns )                    ; T[1]~reg0     ; D[1]~reg0  ; clk        ; clk      ; None                        ; None                      ; 8.173 ns                ;
; N/A                                     ; 112.59 MHz ( period = 8.882 ns )                    ; T[1]~reg0     ; D[3]~reg0  ; clk        ; clk      ; None                        ; None                      ; 8.173 ns                ;
; N/A                                     ; 112.59 MHz ( period = 8.882 ns )                    ; T[1]~reg0     ; D[4]~reg0  ; clk        ; clk      ; None                        ; None                      ; 8.173 ns                ;
; N/A                                     ; 112.59 MHz ( period = 8.882 ns )                    ; T[1]~reg0     ; D[5]~reg0  ; clk        ; clk      ; None                        ; None                      ; 8.173 ns                ;
; N/A                                     ; 112.59 MHz ( period = 8.882 ns )                    ; T[1]~reg0     ; D[6]~reg0  ; clk        ; clk      ; None                        ; None                      ; 8.173 ns                ;
; N/A                                     ; 112.59 MHz ( period = 8.882 ns )                    ; T[1]~reg0     ; D[7]~reg0  ; clk        ; clk      ; None                        ; None                      ; 8.173 ns                ;
; N/A                                     ; 112.59 MHz ( period = 8.882 ns )                    ; T[1]~reg0     ; D[8]~reg0  ; clk        ; clk      ; None                        ; None                      ; 8.173 ns                ;
; N/A                                     ; 112.59 MHz ( period = 8.882 ns )                    ; T[1]~reg0     ; D[9]~reg0  ; clk        ; clk      ; None                        ; None                      ; 8.173 ns                ;
; N/A                                     ; 112.59 MHz ( period = 8.882 ns )                    ; T[1]~reg0     ; D[10]~reg0 ; clk        ; clk      ; None                        ; None                      ; 8.173 ns                ;
; N/A                                     ; 112.79 MHz ( period = 8.866 ns )                    ; T[5]~reg0     ; D[2]~reg0  ; clk        ; clk      ; None                        ; None                      ; 8.157 ns                ;
; N/A                                     ; 113.65 MHz ( period = 8.799 ns )                    ; T[9]~reg0     ; temp[0]    ; clk        ; clk      ; None                        ; None                      ; 8.090 ns                ;
; N/A                                     ; 113.65 MHz ( period = 8.799 ns )                    ; T[9]~reg0     ; temp[1]    ; clk        ; clk      ; None                        ; None                      ; 8.090 ns                ;
; N/A                                     ; 113.65 MHz ( period = 8.799 ns )                    ; T[9]~reg0     ; temp[2]    ; clk        ; clk      ; None                        ; None                      ; 8.090 ns                ;
; N/A                                     ; 113.65 MHz ( period = 8.799 ns )                    ; T[9]~reg0     ; temp[3]    ; clk        ; clk      ; None                        ; None                      ; 8.090 ns                ;
; N/A                                     ; 113.65 MHz ( period = 8.799 ns )                    ; T[9]~reg0     ; temp[4]    ; clk        ; clk      ; None                        ; None                      ; 8.090 ns                ;
; N/A                                     ; 113.65 MHz ( period = 8.799 ns )                    ; T[9]~reg0     ; temp[5]    ; clk        ; clk      ; None                        ; None                      ; 8.090 ns                ;
; N/A                                     ; 113.65 MHz ( period = 8.799 ns )                    ; T[9]~reg0     ; temp[6]    ; clk        ; clk      ; None                        ; None                      ; 8.090 ns                ;
; N/A                                     ; 113.65 MHz ( period = 8.799 ns )                    ; T[9]~reg0     ; temp[7]    ; clk        ; clk      ; None                        ; None                      ; 8.090 ns                ;
; N/A                                     ; 113.80 MHz ( period = 8.787 ns )                    ; T[5]~reg0     ; temp[0]    ; clk        ; clk      ; None                        ; None                      ; 8.078 ns                ;
; N/A                                     ; 113.80 MHz ( period = 8.787 ns )                    ; T[5]~reg0     ; temp[1]    ; clk        ; clk      ; None                        ; None                      ; 8.078 ns                ;
; N/A                                     ; 113.80 MHz ( period = 8.787 ns )                    ; T[5]~reg0     ; temp[2]    ; clk        ; clk      ; None                        ; None                      ; 8.078 ns                ;
; N/A                                     ; 113.80 MHz ( period = 8.787 ns )                    ; T[5]~reg0     ; temp[3]    ; clk        ; clk      ; None                        ; None                      ; 8.078 ns                ;
; N/A                                     ; 113.80 MHz ( period = 8.787 ns )                    ; T[5]~reg0     ; temp[4]    ; clk        ; clk      ; None                        ; None                      ; 8.078 ns                ;
; N/A                                     ; 113.80 MHz ( period = 8.787 ns )                    ; T[5]~reg0     ; temp[5]    ; clk        ; clk      ; None                        ; None                      ; 8.078 ns                ;
; N/A                                     ; 113.80 MHz ( period = 8.787 ns )                    ; T[5]~reg0     ; temp[6]    ; clk        ; clk      ; None                        ; None                      ; 8.078 ns                ;
; N/A                                     ; 113.80 MHz ( period = 8.787 ns )                    ; T[5]~reg0     ; temp[7]    ; clk        ; clk      ; None                        ; None                      ; 8.078 ns                ;
; N/A                                     ; 113.84 MHz ( period = 8.784 ns )                    ; T[9]~reg0     ; temp[8]    ; clk        ; clk      ; None                        ; None                      ; 8.075 ns                ;
; N/A                                     ; 113.84 MHz ( period = 8.784 ns )                    ; T[9]~reg0     ; temp[9]    ; clk        ; clk      ; None                        ; None                      ; 8.075 ns                ;
; N/A                                     ; 113.84 MHz ( period = 8.784 ns )                    ; T[9]~reg0     ; temp[10]   ; clk        ; clk      ; None                        ; None                      ; 8.075 ns                ;
; N/A                                     ; 113.84 MHz ( period = 8.784 ns )                    ; T[9]~reg0     ; temp[11]   ; clk        ; clk      ; None                        ; None                      ; 8.075 ns                ;
; N/A                                     ; 113.84 MHz ( period = 8.784 ns )                    ; T[9]~reg0     ; temp[12]   ; clk        ; clk      ; None                        ; None                      ; 8.075 ns                ;
; N/A                                     ; 113.84 MHz ( period = 8.784 ns )                    ; T[9]~reg0     ; temp[13]   ; clk        ; clk      ; None                        ; None                      ; 8.075 ns                ;
; N/A                                     ; 113.84 MHz ( period = 8.784 ns )                    ; T[9]~reg0     ; temp[14]   ; clk        ; clk      ; None                        ; None                      ; 8.075 ns                ;
; N/A                                     ; 113.84 MHz ( period = 8.784 ns )                    ; T[9]~reg0     ; temp[15]   ; clk        ; clk      ; None                        ; None                      ; 8.075 ns                ;
; N/A                                     ; 114.00 MHz ( period = 8.772 ns )                    ; T[5]~reg0     ; temp[8]    ; clk        ; clk      ; None                        ; None                      ; 8.063 ns                ;
; N/A                                     ; 114.00 MHz ( period = 8.772 ns )                    ; T[5]~reg0     ; temp[9]    ; clk        ; clk      ; None                        ; None                      ; 8.063 ns                ;
; N/A                                     ; 114.00 MHz ( period = 8.772 ns )                    ; T[5]~reg0     ; temp[10]   ; clk        ; clk      ; None                        ; None                      ; 8.063 ns                ;
; N/A                                     ; 114.00 MHz ( period = 8.772 ns )                    ; T[5]~reg0     ; temp[11]   ; clk        ; clk      ; None                        ; None                      ; 8.063 ns                ;
; N/A                                     ; 114.00 MHz ( period = 8.772 ns )                    ; T[5]~reg0     ; temp[12]   ; clk        ; clk      ; None                        ; None                      ; 8.063 ns                ;
; N/A                                     ; 114.00 MHz ( period = 8.772 ns )                    ; T[5]~reg0     ; temp[13]   ; clk        ; clk      ; None                        ; None                      ; 8.063 ns                ;
; N/A                                     ; 114.00 MHz ( period = 8.772 ns )                    ; T[5]~reg0     ; temp[14]   ; clk        ; clk      ; None                        ; None                      ; 8.063 ns                ;
; N/A                                     ; 114.00 MHz ( period = 8.772 ns )                    ; T[5]~reg0     ; temp[15]   ; clk        ; clk      ; None                        ; None                      ; 8.063 ns                ;
; N/A                                     ; 114.03 MHz ( period = 8.770 ns )                    ; T[4]~reg0     ; D[11]~reg0 ; clk        ; clk      ; None                        ; None                      ; 8.061 ns                ;
; N/A                                     ; 114.03 MHz ( period = 8.770 ns )                    ; T[4]~reg0     ; D[14]~reg0 ; clk        ; clk      ; None                        ; None                      ; 8.061 ns                ;
; N/A                                     ; 114.59 MHz ( period = 8.727 ns )                    ; count[1]~reg0 ; D[0]~reg0  ; clk        ; clk      ; None                        ; None                      ; 8.018 ns                ;
; N/A                                     ; 114.59 MHz ( period = 8.727 ns )                    ; count[1]~reg0 ; D[1]~reg0  ; clk        ; clk      ; None                        ; None                      ; 8.018 ns                ;
; N/A                                     ; 114.59 MHz ( period = 8.727 ns )                    ; count[1]~reg0 ; D[3]~reg0  ; clk        ; clk      ; None                        ; None                      ; 8.018 ns                ;
; N/A                                     ; 114.59 MHz ( period = 8.727 ns )                    ; count[1]~reg0 ; D[4]~reg0  ; clk        ; clk      ; None                        ; None                      ; 8.018 ns                ;
; N/A                                     ; 114.59 MHz ( period = 8.727 ns )                    ; count[1]~reg0 ; D[5]~reg0  ; clk        ; clk      ; None                        ; None                      ; 8.018 ns                ;
; N/A                                     ; 114.59 MHz ( period = 8.727 ns )                    ; count[1]~reg0 ; D[6]~reg0  ; clk        ; clk      ; None                        ; None                      ; 8.018 ns                ;
; N/A                                     ; 114.59 MHz ( period = 8.727 ns )                    ; count[1]~reg0 ; D[7]~reg0  ; clk        ; clk      ; None                        ; None                      ; 8.018 ns                ;
; N/A                                     ; 114.59 MHz ( period = 8.727 ns )                    ; count[1]~reg0 ; D[8]~reg0  ; clk        ; clk      ; None                        ; None                      ; 8.018 ns                ;
; N/A                                     ; 114.59 MHz ( period = 8.727 ns )                    ; count[1]~reg0 ; D[9]~reg0  ; clk        ; clk      ; None                        ; None                      ; 8.018 ns                ;
; N/A                                     ; 114.59 MHz ( period = 8.727 ns )                    ; count[1]~reg0 ; D[10]~reg0 ; clk        ; clk      ; None                        ; None                      ; 8.018 ns                ;
; N/A                                     ; 114.61 MHz ( period = 8.725 ns )                    ; T[3]~reg0     ; D[11]~reg0 ; clk        ; clk      ; None                        ; None                      ; 8.016 ns                ;
; N/A                                     ; 114.61 MHz ( period = 8.725 ns )                    ; T[3]~reg0     ; D[14]~reg0 ; clk        ; clk      ; None                        ; None                      ; 8.016 ns                ;
; N/A                                     ; 114.93 MHz ( period = 8.701 ns )                    ; T[0]~reg0     ; D[9]~reg0  ; clk        ; clk      ; None                        ; None                      ; 7.992 ns                ;
; Timing analysis restricted to 200 rows. ; To change the limit use Settings (Assignments menu) ;               ;            ;            ;          ;                             ;                           ;                         ;
+-----------------------------------------+-----------------------------------------------------+---------------+------------+------------+----------+-----------------------------+---------------------------+-------------------------+


+-----------------------------------------------------------------------+
; tsu                                                                   ;
+-------+--------------+------------+-----------+------------+----------+
; Slack ; Required tsu ; Actual tsu ; From      ; To         ; To Clock ;
+-------+--------------+------------+-----------+------------+----------+
; N/A   ; None         ; 5.173 ns   ; EchoPulse ; D[12]~reg0 ; clk      ;
; N/A   ; None         ; 5.173 ns   ; EchoPulse ; D[13]~reg0 ; clk      ;
; N/A   ; None         ; 5.173 ns   ; EchoPulse ; D[15]~reg0 ; clk      ;
; N/A   ; None         ; 4.228 ns   ; EchoPulse ; D[0]~reg0  ; clk      ;
; N/A   ; None         ; 4.228 ns   ; EchoPulse ; D[1]~reg0  ; clk      ;
; N/A   ; None         ; 4.228 ns   ; EchoPulse ; D[3]~reg0  ; clk      ;
; N/A   ; None         ; 4.228 ns   ; EchoPulse ; D[4]~reg0  ; clk      ;
; N/A   ; None         ; 4.228 ns   ; EchoPulse ; D[5]~reg0  ; clk      ;
; N/A   ; None         ; 4.228 ns   ; EchoPulse ; D[6]~reg0  ; clk      ;
; N/A   ; None         ; 4.228 ns   ; EchoPulse ; D[7]~reg0  ; clk      ;
; N/A   ; None         ; 4.228 ns   ; EchoPulse ; D[8]~reg0  ; clk      ;
; N/A   ; None         ; 4.228 ns   ; EchoPulse ; D[9]~reg0  ; clk      ;
; N/A   ; None         ; 4.228 ns   ; EchoPulse ; D[10]~reg0 ; clk      ;
; N/A   ; None         ; 3.939 ns   ; EchoPulse ; temp[8]    ; clk      ;
; N/A   ; None         ; 3.939 ns   ; EchoPulse ; temp[9]    ; clk      ;
; N/A   ; None         ; 3.939 ns   ; EchoPulse ; temp[10]   ; clk      ;
; N/A   ; None         ; 3.939 ns   ; EchoPulse ; temp[11]   ; clk      ;
; N/A   ; None         ; 3.939 ns   ; EchoPulse ; temp[12]   ; clk      ;
; N/A   ; None         ; 3.926 ns   ; EchoPulse ; temp[13]   ; clk      ;
; N/A   ; None         ; 3.926 ns   ; EchoPulse ; temp[14]   ; clk      ;
; N/A   ; None         ; 3.926 ns   ; EchoPulse ; temp[15]   ; clk      ;
; N/A   ; None         ; 3.548 ns   ; EchoPulse ; D[11]~reg0 ; clk      ;
; N/A   ; None         ; 3.548 ns   ; EchoPulse ; D[14]~reg0 ; clk      ;
; N/A   ; None         ; 3.331 ns   ; EchoPulse ; temp[3]    ; clk      ;
; N/A   ; None         ; 3.331 ns   ; EchoPulse ; temp[4]    ; clk      ;
; N/A   ; None         ; 3.331 ns   ; EchoPulse ; temp[5]    ; clk      ;
; N/A   ; None         ; 3.331 ns   ; EchoPulse ; temp[6]    ; clk      ;
; N/A   ; None         ; 3.331 ns   ; EchoPulse ; temp[7]    ; clk      ;
; N/A   ; None         ; 3.106 ns   ; EchoPulse ; D[2]~reg0  ; clk      ;
; N/A   ; None         ; 2.864 ns   ; EchoPulse ; temp[2]    ; clk      ;
; N/A   ; None         ; 2.741 ns   ; EchoPulse ; temp[1]    ; clk      ;
; N/A   ; None         ; 1.785 ns   ; EchoPulse ; temp[0]    ; clk      ;
+-------+--------------+------------+-----------+------------+----------+


+---------------------------------------------------------------------------+
; tco                                                                       ;
+-------+--------------+------------+---------------+----------+------------+
; Slack ; Required tco ; Actual tco ; From          ; To       ; From Clock ;
+-------+--------------+------------+---------------+----------+------------+
; N/A   ; None         ; 11.949 ns  ; D[10]~reg0    ; D[10]    ; clk        ;
; N/A   ; None         ; 11.163 ns  ; D[1]~reg0     ; D[1]     ; clk        ;
; N/A   ; None         ; 10.991 ns  ; D[11]~reg0    ; D[11]    ; clk        ;
; N/A   ; None         ; 10.292 ns  ; D[7]~reg0     ; D[7]     ; clk        ;
; N/A   ; None         ; 10.281 ns  ; D[8]~reg0     ; D[8]     ; clk        ;
; N/A   ; None         ; 10.257 ns  ; count[3]~reg0 ; count[3] ; clk        ;
; N/A   ; None         ; 10.125 ns  ; D[4]~reg0     ; D[4]     ; clk        ;
; N/A   ; None         ; 9.864 ns   ; D[14]~reg0    ; D[14]    ; clk        ;
; N/A   ; None         ; 9.855 ns   ; count[2]~reg0 ; count[2] ; clk        ;
; N/A   ; None         ; 9.810 ns   ; T[2]~reg0     ; T[2]     ; clk        ;
; N/A   ; None         ; 9.706 ns   ; T[8]~reg0     ; T[8]     ; clk        ;
; N/A   ; None         ; 9.694 ns   ; T[9]~reg0     ; T[9]     ; clk        ;
; N/A   ; None         ; 9.321 ns   ; D[2]~reg0     ; D[2]     ; clk        ;
; N/A   ; None         ; 9.223 ns   ; T[5]~reg0     ; T[5]     ; clk        ;
; N/A   ; None         ; 9.213 ns   ; D[6]~reg0     ; D[6]     ; clk        ;
; N/A   ; None         ; 9.121 ns   ; Trigger~reg0  ; Trigger  ; clk        ;
; N/A   ; None         ; 8.577 ns   ; count[0]~reg0 ; count[0] ; clk        ;
; N/A   ; None         ; 8.545 ns   ; T[6]~reg0     ; T[6]     ; clk        ;
; N/A   ; None         ; 8.531 ns   ; T[7]~reg0     ; T[7]     ; clk        ;
; N/A   ; None         ; 8.531 ns   ; T[1]~reg0     ; T[1]     ; clk        ;
; N/A   ; None         ; 8.528 ns   ; D[9]~reg0     ; D[9]     ; clk        ;
; N/A   ; None         ; 8.508 ns   ; count[1]~reg0 ; count[1] ; clk        ;
; N/A   ; None         ; 8.486 ns   ; D[13]~reg0    ; D[13]    ; clk        ;
; N/A   ; None         ; 7.458 ns   ; D[5]~reg0     ; D[5]     ; clk        ;
; N/A   ; None         ; 7.453 ns   ; D[3]~reg0     ; D[3]     ; clk        ;
; N/A   ; None         ; 7.452 ns   ; D[0]~reg0     ; D[0]     ; clk        ;
; N/A   ; None         ; 7.439 ns   ; T[4]~reg0     ; T[4]     ; clk        ;
; N/A   ; None         ; 7.437 ns   ; T[3]~reg0     ; T[3]     ; clk        ;
; N/A   ; None         ; 7.425 ns   ; T[0]~reg0     ; T[0]     ; clk        ;
; N/A   ; None         ; 7.419 ns   ; D[15]~reg0    ; D[15]    ; clk        ;
; N/A   ; None         ; 7.419 ns   ; D[12]~reg0    ; D[12]    ; clk        ;
+-------+--------------+------------+---------------+----------+------------+


+-----------------------------------------------------------------------------+
; th                                                                          ;
+---------------+-------------+-----------+-----------+------------+----------+
; Minimum Slack ; Required th ; Actual th ; From      ; To         ; To Clock ;
+---------------+-------------+-----------+-----------+------------+----------+
; N/A           ; None        ; -1.231 ns ; EchoPulse ; temp[0]    ; clk      ;
; N/A           ; None        ; -2.171 ns ; EchoPulse ; temp[1]    ; clk      ;
; N/A           ; None        ; -2.282 ns ; EchoPulse ; temp[2]    ; clk      ;
; N/A           ; None        ; -2.552 ns ; EchoPulse ; D[2]~reg0  ; clk      ;
; N/A           ; None        ; -2.751 ns ; EchoPulse ; temp[3]    ; clk      ;
; N/A           ; None        ; -2.751 ns ; EchoPulse ; temp[4]    ; clk      ;
; N/A           ; None        ; -2.751 ns ; EchoPulse ; temp[5]    ; clk      ;
; N/A           ; None        ; -2.751 ns ; EchoPulse ; temp[6]    ; clk      ;
; N/A           ; None        ; -2.751 ns ; EchoPulse ; temp[7]    ; clk      ;
; N/A           ; None        ; -2.994 ns ; EchoPulse ; D[11]~reg0 ; clk      ;
; N/A           ; None        ; -2.994 ns ; EchoPulse ; D[14]~reg0 ; clk      ;
; N/A           ; None        ; -3.346 ns ; EchoPulse ; temp[13]   ; clk      ;
; N/A           ; None        ; -3.346 ns ; EchoPulse ; temp[14]   ; clk      ;
; N/A           ; None        ; -3.346 ns ; EchoPulse ; temp[15]   ; clk      ;
; N/A           ; None        ; -3.359 ns ; EchoPulse ; temp[8]    ; clk      ;
; N/A           ; None        ; -3.359 ns ; EchoPulse ; temp[9]    ; clk      ;
; N/A           ; None        ; -3.359 ns ; EchoPulse ; temp[10]   ; clk      ;
; N/A           ; None        ; -3.359 ns ; EchoPulse ; temp[11]   ; clk      ;
; N/A           ; None        ; -3.359 ns ; EchoPulse ; temp[12]   ; clk      ;
; N/A           ; None        ; -3.674 ns ; EchoPulse ; D[0]~reg0  ; clk      ;
; N/A           ; None        ; -3.674 ns ; EchoPulse ; D[1]~reg0  ; clk      ;
; N/A           ; None        ; -3.674 ns ; EchoPulse ; D[3]~reg0  ; clk      ;
; N/A           ; None        ; -3.674 ns ; EchoPulse ; D[4]~reg0  ; clk      ;
; N/A           ; None        ; -3.674 ns ; EchoPulse ; D[5]~reg0  ; clk      ;
; N/A           ; None        ; -3.674 ns ; EchoPulse ; D[6]~reg0  ; clk      ;
; N/A           ; None        ; -3.674 ns ; EchoPulse ; D[7]~reg0  ; clk      ;
; N/A           ; None        ; -3.674 ns ; EchoPulse ; D[8]~reg0  ; clk      ;
; N/A           ; None        ; -3.674 ns ; EchoPulse ; D[9]~reg0  ; clk      ;
; N/A           ; None        ; -3.674 ns ; EchoPulse ; D[10]~reg0 ; clk      ;
; N/A           ; None        ; -4.619 ns ; EchoPulse ; D[12]~reg0 ; clk      ;
; N/A           ; None        ; -4.619 ns ; EchoPulse ; D[13]~reg0 ; clk      ;
; N/A           ; None        ; -4.619 ns ; EchoPulse ; D[15]~reg0 ; clk      ;
+---------------+-------------+-----------+-----------+------------+----------+


+--------------------------+
; Timing Analyzer Messages ;
+--------------------------+
Info: *******************************************************************
Info: Running Quartus II Classic Timing Analyzer
    Info: Version 9.1 Build 350 03/24/2010 Service Pack 2 SJ Web Edition
    Info: Processing started: Mon Apr 12 20:38:26 2021
Info: Command: quartus_tan --read_settings_files=off --write_settings_files=off sfr04 -c sfr04
Info: Started post-fitting delay annotation
Info: Delay annotation completed successfully
Warning: Found pins functioning as undefined clocks and/or memory enables
    Info: Assuming node "clk" is an undefined clock
Info: Clock "clk" has Internal fmax of 91.47 MHz between source register "T[5]~reg0" and destination register "D[12]~reg0" (period= 10.933 ns)
    Info: + Longest register to register delay is 10.224 ns
        Info: 1: + IC(0.000 ns) + CELL(0.000 ns) = 0.000 ns; Loc. = LC_X18_Y13_N3; Fanout = 5; REG Node = 'T[5]~reg0'
        Info: 2: + IC(1.271 ns) + CELL(0.914 ns) = 2.185 ns; Loc. = LC_X17_Y13_N6; Fanout = 6; COMB Node = 'always0~1'
        Info: 3: + IC(0.790 ns) + CELL(0.511 ns) = 3.486 ns; Loc. = LC_X17_Y13_N5; Fanout = 12; COMB Node = 'always0~2'
        Info: 4: + IC(2.546 ns) + CELL(0.200 ns) = 6.232 ns; Loc. = LC_X14_Y11_N1; Fanout = 16; COMB Node = 'D[0]~0'
        Info: 5: + IC(2.749 ns) + CELL(1.243 ns) = 10.224 ns; Loc. = LC_X19_Y13_N2; Fanout = 1; REG Node = 'D[12]~reg0'
        Info: Total cell delay = 2.868 ns ( 28.05 % )
        Info: Total interconnect delay = 7.356 ns ( 71.95 % )
    Info: - Smallest clock skew is 0.000 ns
        Info: + Shortest clock path from clock "clk" to destination register is 3.953 ns
            Info: 1: + IC(0.000 ns) + CELL(1.163 ns) = 1.163 ns; Loc. = PIN_J6; Fanout = 47; CLK Node = 'clk'
            Info: 2: + IC(1.872 ns) + CELL(0.918 ns) = 3.953 ns; Loc. = LC_X19_Y13_N2; Fanout = 1; REG Node = 'D[12]~reg0'
            Info: Total cell delay = 2.081 ns ( 52.64 % )
            Info: Total interconnect delay = 1.872 ns ( 47.36 % )
        Info: - Longest clock path from clock "clk" to source register is 3.953 ns
            Info: 1: + IC(0.000 ns) + CELL(1.163 ns) = 1.163 ns; Loc. = PIN_J6; Fanout = 47; CLK Node = 'clk'
            Info: 2: + IC(1.872 ns) + CELL(0.918 ns) = 3.953 ns; Loc. = LC_X18_Y13_N3; Fanout = 5; REG Node = 'T[5]~reg0'
            Info: Total cell delay = 2.081 ns ( 52.64 % )
            Info: Total interconnect delay = 1.872 ns ( 47.36 % )
    Info: + Micro clock to output delay of source is 0.376 ns
    Info: + Micro setup delay of destination is 0.333 ns
Info: tsu for register "D[12]~reg0" (data pin = "EchoPulse", clock pin = "clk") is 5.173 ns
    Info: + Longest pin to register delay is 8.793 ns
        Info: 1: + IC(0.000 ns) + CELL(1.132 ns) = 1.132 ns; Loc. = PIN_H13; Fanout = 4; PIN Node = 'EchoPulse'
        Info: 2: + IC(3.158 ns) + CELL(0.511 ns) = 4.801 ns; Loc. = LC_X14_Y11_N1; Fanout = 16; COMB Node = 'D[0]~0'
        Info: 3: + IC(2.749 ns) + CELL(1.243 ns) = 8.793 ns; Loc. = LC_X19_Y13_N2; Fanout = 1; REG Node = 'D[12]~reg0'
        Info: Total cell delay = 2.886 ns ( 32.82 % )
        Info: Total interconnect delay = 5.907 ns ( 67.18 % )
    Info: + Micro setup delay of destination is 0.333 ns
    Info: - Shortest clock path from clock "clk" to destination register is 3.953 ns
        Info: 1: + IC(0.000 ns) + CELL(1.163 ns) = 1.163 ns; Loc. = PIN_J6; Fanout = 47; CLK Node = 'clk'
        Info: 2: + IC(1.872 ns) + CELL(0.918 ns) = 3.953 ns; Loc. = LC_X19_Y13_N2; Fanout = 1; REG Node = 'D[12]~reg0'
        Info: Total cell delay = 2.081 ns ( 52.64 % )
        Info: Total interconnect delay = 1.872 ns ( 47.36 % )
Info: tco from clock "clk" to destination pin "D[10]" through register "D[10]~reg0" is 11.949 ns
    Info: + Longest clock path from clock "clk" to source register is 3.953 ns
        Info: 1: + IC(0.000 ns) + CELL(1.163 ns) = 1.163 ns; Loc. = PIN_J6; Fanout = 47; CLK Node = 'clk'
        Info: 2: + IC(1.872 ns) + CELL(0.918 ns) = 3.953 ns; Loc. = LC_X13_Y13_N5; Fanout = 1; REG Node = 'D[10]~reg0'
        Info: Total cell delay = 2.081 ns ( 52.64 % )
        Info: Total interconnect delay = 1.872 ns ( 47.36 % )
    Info: + Micro clock to output delay of source is 0.376 ns
    Info: + Longest register to pin delay is 7.620 ns
        Info: 1: + IC(0.000 ns) + CELL(0.000 ns) = 0.000 ns; Loc. = LC_X13_Y13_N5; Fanout = 1; REG Node = 'D[10]~reg0'
        Info: 2: + IC(5.298 ns) + CELL(2.322 ns) = 7.620 ns; Loc. = PIN_P3; Fanout = 0; PIN Node = 'D[10]'
        Info: Total cell delay = 2.322 ns ( 30.47 % )
        Info: Total interconnect delay = 5.298 ns ( 69.53 % )
Info: th for register "temp[0]" (data pin = "EchoPulse", clock pin = "clk") is -1.231 ns
    Info: + Longest clock path from clock "clk" to destination register is 3.953 ns
        Info: 1: + IC(0.000 ns) + CELL(1.163 ns) = 1.163 ns; Loc. = PIN_J6; Fanout = 47; CLK Node = 'clk'
        Info: 2: + IC(1.872 ns) + CELL(0.918 ns) = 3.953 ns; Loc. = LC_X14_Y11_N2; Fanout = 4; REG Node = 'temp[0]'
        Info: Total cell delay = 2.081 ns ( 52.64 % )
        Info: Total interconnect delay = 1.872 ns ( 47.36 % )
    Info: + Micro hold delay of destination is 0.221 ns
    Info: - Shortest pin to register delay is 5.405 ns
        Info: 1: + IC(0.000 ns) + CELL(1.132 ns) = 1.132 ns; Loc. = PIN_H13; Fanout = 4; PIN Node = 'EchoPulse'
        Info: 2: + IC(3.090 ns) + CELL(1.183 ns) = 5.405 ns; Loc. = LC_X14_Y11_N2; Fanout = 4; REG Node = 'temp[0]'
        Info: Total cell delay = 2.315 ns ( 42.83 % )
        Info: Total interconnect delay = 3.090 ns ( 57.17 % )
Info: Quartus II Classic Timing Analyzer was successful. 0 errors, 1 warning
    Info: Peak virtual memory: 170 megabytes
    Info: Processing ended: Mon Apr 12 20:38:26 2021
    Info: Elapsed time: 00:00:00
    Info: Total CPU time (on all processors): 00:00:00


