Flow report for sfr04
Mon Apr 12 20:38:26 2021
Quartus II Version 9.1 Build 350 03/24/2010 Service Pack 2 SJ Web Edition


---------------------
; Table of Contents ;
---------------------
  1. Legal Notice
  2. Flow Summary
  3. Flow Settings
  4. Flow Non-Default Global Settings
  5. Flow Elapsed Time
  6. Flow OS Summary
  7. Flow Log



----------------
; Legal Notice ;
----------------
Copyright (C) 1991-2010 Altera Corporation
Your use of Altera Corporation's design tools, logic functions 
and other software and tools, and its AMPP partner logic 
functions, and any output files from any of the foregoing 
(including device programming or simulation files), and any 
associated documentation or information are expressly subject 
to the terms and conditions of the Altera Program License 
Subscription Agreement, Altera MegaCore Function License 
Agreement, or other applicable license agreement, including, 
without limitation, that your use is for the sole purpose of 
programming logic devices manufactured by Altera and sold by 
Altera or its authorized distributors.  Please refer to the 
applicable agreement for further details.



+------------------------------------------------------------------------+
; Flow Summary                                                           ;
+-------------------------+----------------------------------------------+
; Flow Status             ; Successful - Mon Apr 12 20:38:26 2021        ;
; Quartus II Version      ; 9.1 Build 350 03/24/2010 SP 2 SJ Web Edition ;
; Revision Name           ; sfr04                                        ;
; Top-level Entity Name   ; sfr04                                        ;
; Family                  ; MAX II                                       ;
; Device                  ; EPM2210F324I5                                ;
; Timing Models           ; Final                                        ;
; Met timing requirements ; Yes                                          ;
; Total logic elements    ; 65 / 2,210 ( 3 % )                           ;
; Total pins              ; 33 / 272 ( 12 % )                            ;
; Total virtual pins      ; 0                                            ;
; UFM blocks              ; 0 / 1 ( 0 % )                                ;
+-------------------------+----------------------------------------------+


+-----------------------------------------+
; Flow Settings                           ;
+-------------------+---------------------+
; Option            ; Setting             ;
+-------------------+---------------------+
; Start date & time ; 04/12/2021 20:38:22 ;
; Main task         ; Compilation         ;
; Revision Name     ; sfr04               ;
+-------------------+---------------------+


+--------------------------------------------------------------------------------------------------------------------------------------+
; Flow Non-Default Global Settings                                                                                                     ;
+---------------------------------------+--------------------------------+------------------------------+-------------+----------------+
; Assignment Name                       ; Value                          ; Default Value                ; Entity Name ; Section Id     ;
+---------------------------------------+--------------------------------+------------------------------+-------------+----------------+
; COMPILER_SIGNATURE_ID                 ; 92668495446222.161823470217952 ; --                           ; --          ; --             ;
; INCREMENTAL_COMPILATION               ; Off                            ; FULL_INCREMENTAL_COMPILATION ; --          ; --             ;
; MAX_CORE_JUNCTION_TEMP                ; 100                            ; --                           ; --          ; --             ;
; MIN_CORE_JUNCTION_TEMP                ; -40                            ; --                           ; --          ; --             ;
; POWER_EXT_SUPPLY_VOLTAGE_TO_REGULATOR ; 3.3V                           ; --                           ; --          ; --             ;
; USE_GENERATED_PHYSICAL_CONSTRAINTS    ; Off                            ; --                           ; --          ; eda_blast_fpga ;
+---------------------------------------+--------------------------------+------------------------------+-------------+----------------+


+-----------------------------------------------------------------------------------------------------------------------------+
; Flow Elapsed Time                                                                                                           ;
+-------------------------+--------------+-------------------------+---------------------+------------------------------------+
; Module Name             ; Elapsed Time ; Average Processors Used ; Peak Virtual Memory ; Total CPU Time (on all processors) ;
+-------------------------+--------------+-------------------------+---------------------+------------------------------------+
; Analysis & Synthesis    ; 00:00:01     ; 1.0                     ; 217 MB              ; 00:00:01                           ;
; Fitter                  ; 00:00:01     ; 1.0                     ; 212 MB              ; 00:00:01                           ;
; Assembler               ; 00:00:00     ; 1.0                     ; 186 MB              ; 00:00:00                           ;
; Classic Timing Analyzer ; 00:00:00     ; 1.0                     ; 156 MB              ; 00:00:00                           ;
; Total                   ; 00:00:02     ; --                      ; --                  ; 00:00:02                           ;
+-------------------------+--------------+-------------------------+---------------------+------------------------------------+


+------------------------------------------------------------------------------------------+
; Flow OS Summary                                                                          ;
+-------------------------+------------------+---------------+------------+----------------+
; Module Name             ; Machine Hostname ; OS Name       ; OS Version ; Processor type ;
+-------------------------+------------------+---------------+------------+----------------+
; Analysis & Synthesis    ; DESKTOP-58PGEL7  ; Windows Vista ; 6.2        ; x86_64         ;
; Fitter                  ; DESKTOP-58PGEL7  ; Windows Vista ; 6.2        ; x86_64         ;
; Assembler               ; DESKTOP-58PGEL7  ; Windows Vista ; 6.2        ; x86_64         ;
; Classic Timing Analyzer ; DESKTOP-58PGEL7  ; Windows Vista ; 6.2        ; x86_64         ;
+-------------------------+------------------+---------------+------------+----------------+


------------
; Flow Log ;
------------
quartus_map --read_settings_files=on --write_settings_files=off sfr04 -c sfr04
quartus_fit --read_settings_files=off --write_settings_files=off sfr04 -c sfr04
quartus_asm --read_settings_files=off --write_settings_files=off sfr04 -c sfr04
quartus_tan --read_settings_files=off --write_settings_files=off sfr04 -c sfr04



